Traceback (most recent call last):
  File "C:\Users\RyanBlumenow\AppData\Local\Programs\Python\Python310\lib\site-packages\jupyter_cache\executors\utils.py", line 58, in single_nb_execution
    executenb(
  File "C:\Users\RyanBlumenow\AppData\Local\Programs\Python\Python310\lib\site-packages\nbclient\client.py", line 1305, in execute
    return NotebookClient(nb=nb, resources=resources, km=km, **kwargs).execute()
  File "C:\Users\RyanBlumenow\AppData\Local\Programs\Python\Python310\lib\site-packages\jupyter_core\utils\__init__.py", line 166, in wrapped
    return loop.run_until_complete(inner)
  File "C:\Users\RyanBlumenow\AppData\Local\Programs\Python\Python310\lib\asyncio\base_events.py", line 649, in run_until_complete
    return future.result()
  File "C:\Users\RyanBlumenow\AppData\Local\Programs\Python\Python310\lib\site-packages\nbclient\client.py", line 705, in async_execute
    await self.async_execute_cell(
  File "C:\Users\RyanBlumenow\AppData\Local\Programs\Python\Python310\lib\site-packages\nbclient\client.py", line 1058, in async_execute_cell
    await self._check_raise_for_error(cell, cell_index, exec_reply)
  File "C:\Users\RyanBlumenow\AppData\Local\Programs\Python\Python310\lib\site-packages\nbclient\client.py", line 914, in _check_raise_for_error
    raise CellExecutionError.from_cell_and_msg(cell, exec_reply_content)
nbclient.exceptions.CellExecutionError: An error occurred while executing the following cell:
------------------
import dtale
import ipywidgets as widgets
from IPython.display import display

# Suppress FutureWarning from pandas
warnings.simplefilter(action='ignore', category=FutureWarning)

clients = dtale.show(df_clients)

# Define the functions for each option
def option1():
    print("Viewing client data")
    dtale.show(df_clients)

def option2():
    print("Option 2 selected")
    # Code for option 2

def option3():
    print("Option 3 selected")
    # Code for option 3

# Create dropdown widget
dropdown = widgets.Dropdown(
    options=[('Clients', 1), ('Option 2', 2), ('Option 3', 3)],
    description='Select an option:'
)

# Create button widget
button = widgets.Button(description='Run Code')

# Create output widget
output = widgets.Output()

# Define event handlers
def dropdown_event_handler(change):
    with output:
        output.clear_output()
        option_value = change.new
        if option_value == 1:
            option1()
        elif option_value == 2:
            option2()
        elif option_value == 3:
            option3()

def button_event_handler(button):
    with output:
        output.clear_output()
        option_value = dropdown.value
        if option_value == 1:
            option1()
        elif option_value == 2:
            option2()
        elif option_value == 3:
            option3()

# Register event handlers
dropdown.observe(dropdown_event_handler, names='value')
button.on_click(button_event_handler)

# Display widgets
display(dropdown)
# display(button)
display(output)

------------------


[1;31m---------------------------------------------------------------------------[0m
[1;31mImportError[0m                               Traceback (most recent call last)
[1;32mC:\Users\RYANBL~1\AppData\Local\Temp/ipykernel_18968/392929638.py[0m in [0;36m<module>[1;34m[0m
[1;32m----> 1[1;33m [1;32mimport[0m [0mdtale[0m[1;33m[0m[1;33m[0m[0m
[0m[0;32m      2[0m [1;32mimport[0m [0mipywidgets[0m [1;32mas[0m [0mwidgets[0m[1;33m[0m[1;33m[0m[0m
[0;32m      3[0m [1;32mfrom[0m [0mIPython[0m[1;33m.[0m[0mdisplay[0m [1;32mimport[0m [0mdisplay[0m[1;33m[0m[1;33m[0m[0m
[0;32m      4[0m [1;33m[0m[0m
[0;32m      5[0m [1;31m# Suppress FutureWarning from pandas[0m[1;33m[0m[1;33m[0m[0m

[1;32m~\AppData\Local\Programs\Python\Python310\lib\site-packages\dtale\__init__.py[0m in [0;36m<module>[1;34m[0m
[0;32m      1[0m [1;32mimport[0m [0mwarnings[0m[1;33m[0m[1;33m[0m[0m
[0;32m      2[0m [1;33m[0m[0m
[1;32m----> 3[1;33m [1;32mfrom[0m [0mflask[0m [1;32mimport[0m [0mBlueprint[0m[1;33m[0m[1;33m[0m[0m
[0m[0;32m      4[0m [1;33m[0m[0m
[0;32m      5[0m [1;32mwith[0m [0mwarnings[0m[1;33m.[0m[0mcatch_warnings[0m[1;33m([0m[1;33m)[0m[1;33m:[0m[1;33m[0m[1;33m[0m[0m

[1;32m~\AppData\Local\Programs\Python\Python310\lib\site-packages\flask\__init__.py[0m in [0;36m<module>[1;34m[0m
[0;32m      3[0m [1;33m[0m[0m
[0;32m      4[0m [1;32mfrom[0m [1;33m.[0m [1;32mimport[0m [0mjson[0m [1;32mas[0m [0mjson[0m[1;33m[0m[1;33m[0m[0m
[1;32m----> 5[1;33m [1;32mfrom[0m [1;33m.[0m[0mapp[0m [1;32mimport[0m [0mFlask[0m [1;32mas[0m [0mFlask[0m[1;33m[0m[1;33m[0m[0m
[0m[0;32m      6[0m [1;32mfrom[0m [1;33m.[0m[0mapp[0m [1;32mimport[0m [0mRequest[0m [1;32mas[0m [0mRequest[0m[1;33m[0m[1;33m[0m[0m
[0;32m      7[0m [1;32mfrom[0m [1;33m.[0m[0mapp[0m [1;32mimport[0m [0mResponse[0m [1;32mas[0m [0mResponse[0m[1;33m[0m[1;33m[0m[0m

[1;32m~\AppData\Local\Programs\Python\Python310\lib\site-packages\flask\app.py[0m in [0;36m<module>[1;34m[0m
[0;32m     32[0m [1;32mfrom[0m [0mwerkzeug[0m[1;33m.[0m[0mwrappers[0m [1;32mimport[0m [0mResponse[0m [1;32mas[0m [0mBaseResponse[0m[1;33m[0m[1;33m[0m[0m
[0;32m     33[0m [1;33m[0m[0m
[1;32m---> 34[1;33m [1;32mfrom[0m [1;33m.[0m [1;32mimport[0m [0mcli[0m[1;33m[0m[1;33m[0m[0m
[0m[0;32m     35[0m [1;32mfrom[0m [1;33m.[0m [1;32mimport[0m [0mtyping[0m [1;32mas[0m [0mft[0m[1;33m[0m[1;33m[0m[0m
[0;32m     36[0m [1;32mfrom[0m [1;33m.[0m[0mconfig[0m [1;32mimport[0m [0mConfig[0m[1;33m[0m[1;33m[0m[0m

[1;32m~\AppData\Local\Programs\Python\Python310\lib\site-packages\flask\cli.py[0m in [0;36m<module>[1;34m[0m
[0;32m     13[0m [1;33m[0m[0m
[0;32m     14[0m [1;32mimport[0m [0mclick[0m[1;33m[0m[1;33m[0m[0m
[1;32m---> 15[1;33m [1;32mfrom[0m [0mclick[0m[1;33m.[0m[0mcore[0m [1;32mimport[0m [0mParameterSource[0m[1;33m[0m[1;33m[0m[0m
[0m[0;32m     16[0m [1;32mfrom[0m [0mwerkzeug[0m [1;32mimport[0m [0mrun_simple[0m[1;33m[0m[1;33m[0m[0m
[0;32m     17[0m [1;32mfrom[0m [0mwerkzeug[0m[1;33m.[0m[0mserving[0m [1;32mimport[0m [0mis_running_from_reloader[0m[1;33m[0m[1;33m[0m[0m

[1;31mImportError[0m: cannot import name 'ParameterSource' from 'click.core' (C:\Users\RyanBlumenow\AppData\Local\Programs\Python\Python310\lib\site-packages\click\core.py)

